Determining if the pthread_create exist failed with the following output:
Change Dir: /home/archielee/adVentuRe/Workspace/build/CMakeFiles/CMakeTmp

Run Build Command:/usr/bin/make "cmTryCompileExec3771526598/fast"
/usr/bin/make -f CMakeFiles/cmTryCompileExec3771526598.dir/build.make CMakeFiles/cmTryCompileExec3771526598.dir/build
make[1]: Entering directory `/home/archielee/adVentuRe/Workspace/build/CMakeFiles/CMakeTmp'
/usr/bin/cmake -E cmake_progress_report /home/archielee/adVentuRe/Workspace/build/CMakeFiles/CMakeTmp/CMakeFiles 1
Building C object CMakeFiles/cmTryCompileExec3771526598.dir/CheckSymbolExists.c.o
/usr/bin/cc    -o CMakeFiles/cmTryCompileExec3771526598.dir/CheckSymbolExists.c.o   -c /home/archielee/adVentuRe/Workspace/build/CMakeFiles/CMakeTmp/CheckSymbolExists.c
Linking C executable cmTryCompileExec3771526598
/usr/bin/cmake -E cmake_link_script CMakeFiles/cmTryCompileExec3771526598.dir/link.txt --verbose=1
/usr/bin/cc       CMakeFiles/cmTryCompileExec3771526598.dir/CheckSymbolExists.c.o  -o cmTryCompileExec3771526598 -rdynamic 
CMakeFiles/cmTryCompileExec3771526598.dir/CheckSymbolExists.c.o: In function `main':
CheckSymbolExists.c:(.text+0x16): undefined reference to `pthread_create'
collect2: error: ld returned 1 exit status
make[1]: *** [cmTryCompileExec3771526598] Error 1
make[1]: Leaving directory `/home/archielee/adVentuRe/Workspace/build/CMakeFiles/CMakeTmp'
make: *** [cmTryCompileExec3771526598/fast] Error 2

File /home/archielee/adVentuRe/Workspace/build/CMakeFiles/CMakeTmp/CheckSymbolExists.c:
/* */
#include <pthread.h>

int main(int argc, char** argv)
{
  (void)argv;
#ifndef pthread_create
  return ((int*)(&pthread_create))[argc];
#else
  (void)argc;
  return 0;
#endif
}

Determining if the function pthread_create exists in the pthreads failed with the following output:
Change Dir: /home/archielee/adVentuRe/Workspace/build/CMakeFiles/CMakeTmp

Run Build Command:/usr/bin/make "cmTryCompileExec2840948486/fast"
/usr/bin/make -f CMakeFiles/cmTryCompileExec2840948486.dir/build.make CMakeFiles/cmTryCompileExec2840948486.dir/build
make[1]: Entering directory `/home/archielee/adVentuRe/Workspace/build/CMakeFiles/CMakeTmp'
/usr/bin/cmake -E cmake_progress_report /home/archielee/adVentuRe/Workspace/build/CMakeFiles/CMakeTmp/CMakeFiles 1
Building C object CMakeFiles/cmTryCompileExec2840948486.dir/CheckFunctionExists.c.o
/usr/bin/cc   -DCHECK_FUNCTION_EXISTS=pthread_create   -o CMakeFiles/cmTryCompileExec2840948486.dir/CheckFunctionExists.c.o   -c /usr/share/cmake-2.8/Modules/CheckFunctionExists.c
Linking C executable cmTryCompileExec2840948486
/usr/bin/cmake -E cmake_link_script CMakeFiles/cmTryCompileExec2840948486.dir/link.txt --verbose=1
/usr/bin/cc   -DCHECK_FUNCTION_EXISTS=pthread_create    CMakeFiles/cmTryCompileExec2840948486.dir/CheckFunctionExists.c.o  -o cmTryCompileExec2840948486 -rdynamic -lpthreads 
/usr/bin/ld: cannot find -lpthreads
collect2: error: ld returned 1 exit status
make[1]: *** [cmTryCompileExec2840948486] Error 1
make[1]: Leaving directory `/home/archielee/adVentuRe/Workspace/build/CMakeFiles/CMakeTmp'
make: *** [cmTryCompileExec2840948486/fast] Error 2


